[53132 - Suricata-Main] 2024-10-10 09:39:16 Notice: suricata: This is Suricata version 7.0.3 RELEASE running in SYSTEM mode
[53132 - Suricata-Main] 2024-10-10 09:39:16 Info: cpu: CPUs/cores online: 8
[53132 - Suricata-Main] 2024-10-10 09:39:16 Info: suricata: Setting engine mode to IDS mode by default
[53132 - Suricata-Main] 2024-10-10 09:39:16 Info: exception-policy: master exception-policy set to: auto
[53132 - Suricata-Main] 2024-10-10 09:39:16 Info: ioctl: ens33: MTU 1500
[53132 - Suricata-Main] 2024-10-10 09:39:16 Info: conf: Running in live mode, activating unix socket
[53132 - Suricata-Main] 2024-10-10 09:39:16 Info: logopenfile: fast output device (regular) initialized: fast.log
[53132 - Suricata-Main] 2024-10-10 09:39:16 Info: logopenfile: eve-log output device (regular) initialized: eve.json
[53132 - Suricata-Main] 2024-10-10 09:39:16 Info: logopenfile: stats output device (regular) initialized: stats.log
[53132 - Suricata-Main] 2024-10-10 09:39:16 Warning: detect: No rule files match the pattern rules/emerging-exploit.rules
[53132 - Suricata-Main] 2024-10-10 09:39:16 Info: detect: 2 rule files processed. 1 rules successfully loaded, 0 rules failed, 0
[53132 - Suricata-Main] 2024-10-10 09:39:16 Info: threshold-config: Threshold config parsed: 0 rule(s) found
[53132 - Suricata-Main] 2024-10-10 09:39:16 Info: detect: 1 signatures processed. 0 are IP-only rules, 0 are inspecting packet payload, 0 inspect application layer, 0 are decoder event only
[53132 - Suricata-Main] 2024-10-10 09:39:16 Info: runmodes: ens33: creating 8 threads
[53132 - Suricata-Main] 2024-10-10 09:39:16 Info: unix-manager: unix socket '/var/suricata-command.socket'
[53132 - Suricata-Main] 2024-10-10 09:39:16 Notice: threads: Threads created -> W: 8 FM: 1 FR: 1   Engine started.
[53132 - Suricata-Main] 2024-10-10 09:40:19 Notice: suricata: Signal Received.  Stopping engine.
[53132 - Suricata-Main] 2024-10-10 09:40:20 Info: suricata: time elapsed 63.931s
[53132 - Suricata-Main] 2024-10-10 09:40:21 Info: counters: Alerts: 1
[53132 - Suricata-Main] 2024-10-10 09:40:21 Notice: device: ens33: packets: 241, drops: 0 (0.00%), invalid chksum: 0
[53325 - Suricata-Main] 2024-10-10 09:43:32 Notice: suricata: This is Suricata version 7.0.3 RELEASE running in SYSTEM mode
[53325 - Suricata-Main] 2024-10-10 09:43:32 Info: cpu: CPUs/cores online: 8
[53325 - Suricata-Main] 2024-10-10 09:43:32 Info: suricata: Setting engine mode to IDS mode by default
[53325 - Suricata-Main] 2024-10-10 09:43:32 Info: exception-policy: master exception-policy set to: auto
[53325 - Suricata-Main] 2024-10-10 09:43:32 Info: ioctl: ens33: MTU 1500
[53325 - Suricata-Main] 2024-10-10 09:43:33 Info: conf: Running in live mode, activating unix socket
[53325 - Suricata-Main] 2024-10-10 09:43:33 Info: logopenfile: fast output device (regular) initialized: fast.log
[53325 - Suricata-Main] 2024-10-10 09:43:33 Info: logopenfile: eve-log output device (regular) initialized: eve.json
[53325 - Suricata-Main] 2024-10-10 09:43:33 Info: logopenfile: stats output device (regular) initialized: stats.log
[53325 - Suricata-Main] 2024-10-10 09:43:33 Warning: detect: No rule files match the pattern rules/emerging-exploit.rules
[53325 - Suricata-Main] 2024-10-10 09:43:33 Info: detect: 2 rule files processed. 1 rules successfully loaded, 0 rules failed, 0
[53325 - Suricata-Main] 2024-10-10 09:43:33 Info: threshold-config: Threshold config parsed: 0 rule(s) found
[53325 - Suricata-Main] 2024-10-10 09:43:33 Info: detect: 1 signatures processed. 0 are IP-only rules, 1 are inspecting packet payload, 0 inspect application layer, 0 are decoder event only
[53325 - Suricata-Main] 2024-10-10 09:43:33 Info: runmodes: ens33: creating 8 threads
[53325 - Suricata-Main] 2024-10-10 09:43:33 Info: unix-manager: unix socket '/var/suricata-command.socket'
[53325 - Suricata-Main] 2024-10-10 09:43:33 Notice: threads: Threads created -> W: 8 FM: 1 FR: 1   Engine started.
[53325 - Suricata-Main] 2024-10-10 09:43:41 Notice: suricata: Signal Received.  Stopping engine.
[53325 - Suricata-Main] 2024-10-10 09:43:42 Info: suricata: time elapsed 9.163s
[53325 - Suricata-Main] 2024-10-10 09:43:43 Info: counters: Alerts: 1
[53325 - Suricata-Main] 2024-10-10 09:43:43 Notice: device: ens33: packets: 19, drops: 0 (0.00%), invalid chksum: 0
[53459 - Suricata-Main] 2024-10-10 09:47:12 Notice: suricata: This is Suricata version 7.0.3 RELEASE running in SYSTEM mode
[53459 - Suricata-Main] 2024-10-10 09:47:12 Info: cpu: CPUs/cores online: 8
[53459 - Suricata-Main] 2024-10-10 09:47:12 Info: suricata: Setting engine mode to IDS mode by default
[53459 - Suricata-Main] 2024-10-10 09:47:12 Info: exception-policy: master exception-policy set to: auto
[53459 - Suricata-Main] 2024-10-10 09:47:12 Info: ioctl: ens33: MTU 1500
[53459 - Suricata-Main] 2024-10-10 09:47:12 Info: conf: Running in live mode, activating unix socket
[53459 - Suricata-Main] 2024-10-10 09:47:12 Info: logopenfile: fast output device (regular) initialized: fast.log
[53459 - Suricata-Main] 2024-10-10 09:47:12 Info: logopenfile: eve-log output device (regular) initialized: eve.json
[53459 - Suricata-Main] 2024-10-10 09:47:12 Info: logopenfile: stats output device (regular) initialized: stats.log
[53459 - Suricata-Main] 2024-10-10 09:47:12 Warning: detect: No rule files match the pattern rules/emerging-exploit.rules
[53459 - Suricata-Main] 2024-10-10 09:47:12 Error: detect-parse: Duplicate signature "alert http $HOME_NET any -> $EXTERNAL_NET 80 (msg:"HTTP GET Request"; http.method; content:"GET"; sid:1000001; rev:1;)"
[53459 - Suricata-Main] 2024-10-10 09:47:12 Error: detect: error parsing signature "alert http $HOME_NET any -> $EXTERNAL_NET 80 (msg:"HTTP GET Request"; http.method; content:"GET"; sid:1000001; rev:1;)" from file ./local.rules at line 5
[53459 - Suricata-Main] 2024-10-10 09:47:12 Info: detect: 2 rule files processed. 1 rules successfully loaded, 1 rules failed, 0
[53459 - Suricata-Main] 2024-10-10 09:47:12 Info: threshold-config: Threshold config parsed: 0 rule(s) found
[53459 - Suricata-Main] 2024-10-10 09:47:12 Info: detect: 1 signatures processed. 0 are IP-only rules, 1 are inspecting packet payload, 0 inspect application layer, 0 are decoder event only
[53459 - Suricata-Main] 2024-10-10 09:47:12 Info: runmodes: ens33: creating 8 threads
[53459 - Suricata-Main] 2024-10-10 09:47:12 Info: unix-manager: unix socket '/var/suricata-command.socket'
[53459 - Suricata-Main] 2024-10-10 09:47:12 Notice: threads: Threads created -> W: 8 FM: 1 FR: 1   Engine started.
[53459 - Suricata-Main] 2024-10-10 09:47:23 Notice: suricata: Signal Received.  Stopping engine.
[53459 - Suricata-Main] 2024-10-10 09:47:23 Info: suricata: time elapsed 11.139s
[53459 - Suricata-Main] 2024-10-10 09:47:24 Info: counters: Alerts: 0
[53459 - Suricata-Main] 2024-10-10 09:47:24 Notice: device: ens33: packets: 34, drops: 0 (0.00%), invalid chksum: 0
[53498 - Suricata-Main] 2024-10-10 09:47:43 Notice: suricata: This is Suricata version 7.0.3 RELEASE running in SYSTEM mode
[53498 - Suricata-Main] 2024-10-10 09:47:43 Info: cpu: CPUs/cores online: 8
[53498 - Suricata-Main] 2024-10-10 09:47:43 Info: suricata: Setting engine mode to IDS mode by default
[53498 - Suricata-Main] 2024-10-10 09:47:43 Info: exception-policy: master exception-policy set to: auto
[53498 - Suricata-Main] 2024-10-10 09:47:43 Info: ioctl: ens33: MTU 1500
[53498 - Suricata-Main] 2024-10-10 09:47:43 Info: conf: Running in live mode, activating unix socket
[53498 - Suricata-Main] 2024-10-10 09:47:43 Info: logopenfile: fast output device (regular) initialized: fast.log
[53498 - Suricata-Main] 2024-10-10 09:47:43 Info: logopenfile: eve-log output device (regular) initialized: eve.json
[53498 - Suricata-Main] 2024-10-10 09:47:43 Info: logopenfile: stats output device (regular) initialized: stats.log
[53498 - Suricata-Main] 2024-10-10 09:47:43 Warning: detect: No rule files match the pattern rules/emerging-exploit.rules
[53498 - Suricata-Main] 2024-10-10 09:47:43 Info: detect: 2 rule files processed. 2 rules successfully loaded, 0 rules failed, 0
[53498 - Suricata-Main] 2024-10-10 09:47:43 Info: threshold-config: Threshold config parsed: 0 rule(s) found
[53498 - Suricata-Main] 2024-10-10 09:47:43 Info: detect: 2 signatures processed. 0 are IP-only rules, 1 are inspecting packet payload, 1 inspect application layer, 0 are decoder event only
[53498 - Suricata-Main] 2024-10-10 09:47:43 Info: runmodes: ens33: creating 8 threads
[53498 - Suricata-Main] 2024-10-10 09:47:43 Info: unix-manager: unix socket '/var/suricata-command.socket'
[53498 - Suricata-Main] 2024-10-10 09:47:43 Notice: threads: Threads created -> W: 8 FM: 1 FR: 1   Engine started.
[53498 - Suricata-Main] 2024-10-10 09:48:12 Notice: suricata: Signal Received.  Stopping engine.
[53498 - Suricata-Main] 2024-10-10 09:48:13 Info: suricata: time elapsed 30.040s
[53498 - Suricata-Main] 2024-10-10 09:48:14 Info: counters: Alerts: 1
[53498 - Suricata-Main] 2024-10-10 09:48:14 Notice: device: ens33: packets: 106, drops: 0 (0.00%), invalid chksum: 0
