[60097 - Suricata-Main] 2024-10-10 11:48:16 Notice: suricata: This is Suricata version 7.0.3 RELEASE running in SYSTEM mode
[60097 - Suricata-Main] 2024-10-10 11:48:16 Info: cpu: CPUs/cores online: 8
[60097 - Suricata-Main] 2024-10-10 11:48:16 Info: suricata: Setting engine mode to IDS mode by default
[60097 - Suricata-Main] 2024-10-10 11:48:16 Info: exception-policy: master exception-policy set to: auto
[60097 - Suricata-Main] 2024-10-10 11:48:16 Info: ioctl: ens33: MTU 1500
[60097 - Suricata-Main] 2024-10-10 11:48:16 Info: conf: Running in live mode, activating unix socket
[60097 - Suricata-Main] 2024-10-10 11:48:16 Info: logopenfile: fast output device (regular) initialized: fast.log
[60097 - Suricata-Main] 2024-10-10 11:48:16 Info: logopenfile: eve-log output device (regular) initialized: eve.json
[60097 - Suricata-Main] 2024-10-10 11:48:16 Info: logopenfile: stats output device (regular) initialized: stats.log
[60097 - Suricata-Main] 2024-10-10 11:48:16 Warning: detect: No rule files match the pattern rules/emerging-exploit.rules
[60097 - Suricata-Main] 2024-10-10 11:48:16 Info: detect: 2 rule files processed. 1 rules successfully loaded, 0 rules failed, 0
[60097 - Suricata-Main] 2024-10-10 11:48:16 Info: threshold-config: Threshold config parsed: 0 rule(s) found
[60097 - Suricata-Main] 2024-10-10 11:48:16 Info: detect: 1 signatures processed. 0 are IP-only rules, 1 are inspecting packet payload, 0 inspect application layer, 0 are decoder event only
[60097 - Suricata-Main] 2024-10-10 11:48:16 Info: runmodes: ens33: creating 8 threads
[60097 - Suricata-Main] 2024-10-10 11:48:16 Info: unix-manager: unix socket '/var/suricata-command.socket'
[60097 - Suricata-Main] 2024-10-10 11:48:16 Notice: threads: Threads created -> W: 8 FM: 1 FR: 1   Engine started.
[60097 - Suricata-Main] 2024-10-10 11:48:25 Notice: suricata: Signal Received.  Stopping engine.
[60097 - Suricata-Main] 2024-10-10 11:48:25 Info: suricata: time elapsed 9.137s
[60097 - Suricata-Main] 2024-10-10 11:48:26 Info: counters: Alerts: 0
[60097 - Suricata-Main] 2024-10-10 11:48:26 Notice: device: ens33: packets: 32, drops: 0 (0.00%), invalid chksum: 0
[60143 - Suricata-Main] 2024-10-10 11:48:58 Notice: suricata: This is Suricata version 7.0.3 RELEASE running in SYSTEM mode
[60143 - Suricata-Main] 2024-10-10 11:48:58 Info: cpu: CPUs/cores online: 8
[60143 - Suricata-Main] 2024-10-10 11:48:58 Info: suricata: Setting engine mode to IDS mode by default
[60143 - Suricata-Main] 2024-10-10 11:48:58 Info: exception-policy: master exception-policy set to: auto
[60143 - Suricata-Main] 2024-10-10 11:48:58 Info: ioctl: ens33: MTU 1500
[60143 - Suricata-Main] 2024-10-10 11:48:58 Info: conf: Running in live mode, activating unix socket
[60143 - Suricata-Main] 2024-10-10 11:48:58 Info: logopenfile: fast output device (regular) initialized: fast.log
[60143 - Suricata-Main] 2024-10-10 11:48:58 Info: logopenfile: eve-log output device (regular) initialized: eve.json
[60143 - Suricata-Main] 2024-10-10 11:48:58 Info: logopenfile: stats output device (regular) initialized: stats.log
[60143 - Suricata-Main] 2024-10-10 11:48:58 Warning: detect: No rule files match the pattern rules/emerging-exploit.rules
[60143 - Suricata-Main] 2024-10-10 11:48:58 Info: detect: 2 rule files processed. 1 rules successfully loaded, 0 rules failed, 0
[60143 - Suricata-Main] 2024-10-10 11:48:58 Info: threshold-config: Threshold config parsed: 0 rule(s) found
[60143 - Suricata-Main] 2024-10-10 11:48:58 Info: detect: 1 signatures processed. 0 are IP-only rules, 1 are inspecting packet payload, 0 inspect application layer, 0 are decoder event only
[60143 - Suricata-Main] 2024-10-10 11:48:58 Info: runmodes: ens33: creating 8 threads
[60143 - Suricata-Main] 2024-10-10 11:48:58 Info: unix-manager: unix socket '/var/suricata-command.socket'
[60143 - Suricata-Main] 2024-10-10 11:48:58 Notice: threads: Threads created -> W: 8 FM: 1 FR: 1   Engine started.
[60143 - Suricata-Main] 2024-10-10 11:49:04 Notice: suricata: Signal Received.  Stopping engine.
[60143 - Suricata-Main] 2024-10-10 11:49:05 Info: suricata: time elapsed 7.152s
[60143 - Suricata-Main] 2024-10-10 11:49:06 Info: counters: Alerts: 1
[60143 - Suricata-Main] 2024-10-10 11:49:06 Notice: device: ens33: packets: 26, drops: 0 (0.00%), invalid chksum: 0
